<?xml version="1.0" encoding="UTF-8"?>
<coverage generated="1776228044190" clover="3.2.0">
  <project timestamp="1776228044190" name="All files">
    <metrics statements="24" coveredstatements="24" conditionals="14" coveredconditionals="8" methods="5" coveredmethods="5" elements="43" coveredelements="37" complexity="0" loc="24" ncloc="24" packages="1" files="1" classes="1"/>
    <file name="index.ts" path="/home/runner/work/smart-response-wrapper/smart-response-wrapper/src/index.ts">
      <metrics statements="24" coveredstatements="24" conditionals="14" coveredconditionals="8" methods="5" coveredmethods="5"/>
      <line num="15" count="1" type="stmt"/>
      <line num="16" count="1" type="stmt"/>
      <line num="17" count="1" type="stmt"/>
      <line num="18" count="1" type="stmt"/>
      <line num="20" count="1" type="cond" truecount="1" falsecount="1"/>
      <line num="21" count="1" type="stmt"/>
      <line num="43" count="5" type="stmt"/>
      <line num="44" count="5" type="stmt"/>
      <line num="45" count="5" type="stmt"/>
      <line num="46" count="5" type="stmt"/>
      <line num="47" count="5" type="stmt"/>
      <line num="48" count="5" type="cond" truecount="2" falsecount="0"/>
      <line num="49" count="1" type="stmt"/>
      <line num="51" count="5" type="stmt"/>
      <line num="55" count="3" type="stmt"/>
      <line num="59" count="2" type="stmt"/>
      <line num="81" count="7" type="stmt"/>
      <line num="82" count="7" type="stmt"/>
      <line num="83" count="7" type="stmt"/>
      <line num="84" count="7" type="stmt"/>
      <line num="86" count="7" type="stmt"/>
      <line num="87" count="7" type="stmt"/>
      <line num="88" count="7" type="stmt"/>
      <line num="90" count="7" type="stmt"/>
    </file>
  </project>
</coverage>
