{"/home/runner/work/smart-response-wrapper/smart-response-wrapper/src/index.ts": {"path":"/home/runner/work/smart-response-wrapper/smart-response-wrapper/src/index.ts","statementMap":{"0":{"start":{"line":15,"column":4},"end":{"line":15,"column":19}},"1":{"start":{"line":16,"column":4},"end":{"line":16,"column":38}},"2":{"start":{"line":17,"column":4},"end":{"line":17,"column":33}},"3":{"start":{"line":18,"column":4},"end":{"line":18,"column":25}},"4":{"start":{"line":20,"column":4},"end":{"line":22,"column":5}},"5":{"start":{"line":21,"column":6},"end":{"line":21,"column":54}},"6":{"start":{"line":43,"column":4},"end":{"line":43,"column":27}},"7":{"start":{"line":44,"column":4},"end":{"line":44,"column":33}},"8":{"start":{"line":45,"column":4},"end":{"line":45,"column":27}},"9":{"start":{"line":46,"column":4},"end":{"line":46,"column":21}},"10":{"start":{"line":47,"column":4},"end":{"line":47,"column":25}},"11":{"start":{"line":48,"column":4},"end":{"line":50,"column":5}},"12":{"start":{"line":49,"column":6},"end":{"line":49,"column":23}},"13":{"start":{"line":51,"column":4},"end":{"line":51,"column":46}},"14":{"start":{"line":55,"column":4},"end":{"line":55,"column":79}},"15":{"start":{"line":59,"column":4},"end":{"line":59,"column":76}},"16":{"start":{"line":81,"column":21},"end":{"line":81,"column":38}},"17":{"start":{"line":82,"column":22},"end":{"line":82,"column":40}},"18":{"start":{"line":83,"column":21},"end":{"line":83,"column":51}},"19":{"start":{"line":84,"column":19},"end":{"line":84,"column":43}},"20":{"start":{"line":86,"column":25},"end":{"line":86,"column":58}},"21":{"start":{"line":87,"column":24},"end":{"line":87,"column":36}},"22":{"start":{"line":88,"column":21},"end":{"line":88,"column":59}},"23":{"start":{"line":90,"column":2},"end":{"line":100,"column":4}}},"fnMap":{"0":{"name":"(anonymous_0)","decl":{"start":{"line":14,"column":2},"end":{"line":14,"column":14}},"loc":{"start":{"line":14,"column":76},"end":{"line":23,"column":3}}},"1":{"name":"(anonymous_1)","decl":{"start":{"line":35,"column":2},"end":{"line":35,"column":null}},"loc":{"start":{"line":41,"column":25},"end":{"line":52,"column":3}}},"2":{"name":"(anonymous_2)","decl":{"start":{"line":54,"column":2},"end":{"line":54,"column":8}},"loc":{"start":{"line":54,"column":105},"end":{"line":56,"column":3}}},"3":{"name":"(anonymous_3)","decl":{"start":{"line":58,"column":2},"end":{"line":58,"column":8}},"loc":{"start":{"line":58,"column":115},"end":{"line":60,"column":3}}},"4":{"name":"paginateArray","decl":{"start":{"line":76,"column":16},"end":{"line":76,"column":29}},"loc":{"start":{"line":79,"column":20},"end":{"line":101,"column":1}}}},"branchMap":{"0":{"loc":{"start":{"line":14,"column":51},"end":{"line":14,"column":76}},"type":"default-arg","locations":[{"start":{"line":14,"column":72},"end":{"line":14,"column":76}}]},"1":{"loc":{"start":{"line":20,"column":4},"end":{"line":22,"column":5}},"type":"if","locations":[{"start":{"line":20,"column":4},"end":{"line":22,"column":5}},{"start":{},"end":{}}]},"2":{"loc":{"start":{"line":39,"column":4},"end":{"line":39,"column":25}},"type":"default-arg","locations":[{"start":{"line":39,"column":21},"end":{"line":39,"column":25}}]},"3":{"loc":{"start":{"line":40,"column":4},"end":{"line":40,"column":29}},"type":"default-arg","locations":[{"start":{"line":40,"column":25},"end":{"line":40,"column":29}}]},"4":{"loc":{"start":{"line":48,"column":4},"end":{"line":50,"column":5}},"type":"if","locations":[{"start":{"line":48,"column":4},"end":{"line":50,"column":5}},{"start":{},"end":{}}]},"5":{"loc":{"start":{"line":54,"column":29},"end":{"line":54,"column":53}},"type":"default-arg","locations":[{"start":{"line":54,"column":50},"end":{"line":54,"column":53}}]},"6":{"loc":{"start":{"line":54,"column":55},"end":{"line":54,"column":82}},"type":"default-arg","locations":[{"start":{"line":54,"column":73},"end":{"line":54,"column":82}}]},"7":{"loc":{"start":{"line":58,"column":25},"end":{"line":58,"column":49}},"type":"default-arg","locations":[{"start":{"line":58,"column":46},"end":{"line":58,"column":49}}]},"8":{"loc":{"start":{"line":58,"column":51},"end":{"line":58,"column":88}},"type":"default-arg","locations":[{"start":{"line":58,"column":69},"end":{"line":58,"column":88}}]},"9":{"loc":{"start":{"line":58,"column":90},"end":{"line":58,"column":115}},"type":"default-arg","locations":[{"start":{"line":58,"column":111},"end":{"line":58,"column":115}}]},"10":{"loc":{"start":{"line":78,"column":2},"end":{"line":78,"column":18}},"type":"default-arg","locations":[{"start":{"line":78,"column":17},"end":{"line":78,"column":18}}]},"11":{"loc":{"start":{"line":79,"column":2},"end":{"line":79,"column":20}},"type":"default-arg","locations":[{"start":{"line":79,"column":18},"end":{"line":79,"column":20}}]}},"s":{"0":1,"1":1,"2":1,"3":1,"4":1,"5":1,"6":5,"7":5,"8":5,"9":5,"10":5,"11":5,"12":1,"13":5,"14":3,"15":2,"16":7,"17":7,"18":7,"19":7,"20":7,"21":7,"22":7,"23":7},"f":{"0":1,"1":5,"2":3,"3":2,"4":7},"b":{"0":[0],"1":[1,0],"2":[0],"3":[0],"4":[1,4],"5":[1],"6":[1],"7":[1],"8":[1],"9":[1],"10":[0],"11":[0]}}
}
