TN:
SF:src/index.ts
FN:14,(anonymous_0)
FN:35,(anonymous_1)
FN:54,(anonymous_2)
FN:58,(anonymous_3)
FN:76,paginateArray
FNF:5
FNH:5
FNDA:1,(anonymous_0)
FNDA:5,(anonymous_1)
FNDA:3,(anonymous_2)
FNDA:2,(anonymous_3)
FNDA:7,paginateArray
DA:15,1
DA:16,1
DA:17,1
DA:18,1
DA:20,1
DA:21,1
DA:43,5
DA:44,5
DA:45,5
DA:46,5
DA:47,5
DA:48,5
DA:49,1
DA:51,5
DA:55,3
DA:59,2
DA:81,7
DA:82,7
DA:83,7
DA:84,7
DA:86,7
DA:87,7
DA:88,7
DA:90,7
LF:24
LH:24
BRDA:14,0,0,0
BRDA:20,1,0,1
BRDA:20,1,1,0
BRDA:39,2,0,0
BRDA:40,3,0,0
BRDA:48,4,0,1
BRDA:48,4,1,4
BRDA:54,5,0,1
BRDA:54,6,0,1
BRDA:58,7,0,1
BRDA:58,8,0,1
BRDA:58,9,0,1
BRDA:78,10,0,0
BRDA:79,11,0,0
BRF:14
BRH:8
end_of_record
